#-----------------------------------------------------------
# PlanAhead v14.7
# Build 321239 by xbuild on Fri Sep 27 19:31:35 MDT 2013
# Start of session at: Tue Apr 28 00:37:22 2020
# Process ID: 15856
# Log file: E:/MIPS_final_project_edited/MIPS_final_project/MIPS_processor/planAhead_run_2/planAhead.log
# Journal file: E:/MIPS_final_project_edited/MIPS_final_project/MIPS_processor/planAhead_run_2/planAhead.jou
#-----------------------------------------------------------
INFO: [Common 17-78] Attempting to get a license: PlanAhead
INFO: [Common 17-290] Got license for PlanAhead
INFO: [Device 21-36] Loading parts and site information from C:/Xilinx/14.7/ISE_DS/PlanAhead/data/parts/arch.xml
Parsing RTL primitives file [C:/Xilinx/14.7/ISE_DS/PlanAhead/data/parts/xilinx/rtl/prims/rtl_prims.xml]
Finished parsing RTL primitives file [C:/Xilinx/14.7/ISE_DS/PlanAhead/data/parts/xilinx/rtl/prims/rtl_prims.xml]
start_gui
source E:/MIPS_final_project_edited/MIPS_final_project/MIPS_processor/pa.fromNetlist.tcl
# create_project -name MIPS_processor -dir "E:/MIPS_final_project_edited/MIPS_final_project/MIPS_processor/planAhead_run_2" -part xc6slx9tqg144-3
create_project: Time (s): elapsed = 00:00:06 . Memory (MB): peak = 411.145 ; gain = 33.992
# set_property design_mode GateLvl [get_property srcset [current_run -impl]]
# set_property edif_top_file "E:/MIPS_final_project_edited/MIPS_final_project/MIPS_processor/MIPS_design.ngc" [ get_property srcset [ current_run ] ]
# add_files -norecurse { {E:/MIPS_final_project_edited/MIPS_final_project/MIPS_processor} }
# set_param project.pinAheadLayout  yes
# set_property target_constrs_file "MIPS_design.ucf" [current_fileset -constrset]
Adding file 'E:/MIPS_final_project_edited/MIPS_final_project/MIPS_processor/MIPS_design.ucf' to fileset 'constrs_1'
# add_files [list {MIPS_design.ucf}] -fileset [get_property constrset [current_run]]
# link_design
Design is defaulting to srcset: sources_1
Design is defaulting to constrset: constrs_1
Design is defaulting to project part: xc6slx9tqg144-3
Release 14.7 - ngc2edif P.20131013 (nt)
Copyright (c) 1995-2013 Xilinx, Inc.  All rights reserved.

Release 14.7 - ngc2edif P.20131013 (nt)
Copyright (c) 1995-2013 Xilinx, Inc.  All rights reserved.
Reading design MIPS_design.ngc ...
WARNING:NetListWriters:298 - No output is written to MIPS_design.xncf, ignored.
Processing design ...
   Preping design's networks ...
   Preping design's macros ...
WARNING:NetListWriters:306 - Signal bus ALU_RESULT<15 : 0> on block MIPS_design
   is not reconstructed, because there are some missing bus signals.
  finished :Prep
Writing EDIF netlist file MIPS_design.edif ...
ngc2edif: Total memory usage is 80756 kilobytes

Release 14.7 - ngc2edif P.20131013 (nt)
Copyright (c) 1995-2013 Xilinx, Inc.  All rights reserved.

Release 14.7 - ngc2edif P.20131013 (nt)
Copyright (c) 1995-2013 Xilinx, Inc.  All rights reserved.
Reading design MIPS_design.ngc ...
WARNING:NetListWriters:298 - No output is written to MIPS_design.xncf, ignored.
Processing design ...
   Preping design's networks ...
   Preping design's macros ...
WARNING:NetListWriters:306 - Signal bus ALU_RESULT<15 : 0> on block MIPS_design
   is not reconstructed, because there are some missing bus signals.
  finished :Prep
Writing EDIF netlist file MIPS_design.edif ...
ngc2edif: Total memory usage is 80028 kilobytes

Parsing EDIF File [./.Xil/PlanAhead-15856-DESKTOP-M9JH1E0/ngc2edif/MIPS_design.edif]
Finished Parsing EDIF File [./.Xil/PlanAhead-15856-DESKTOP-M9JH1E0/ngc2edif/MIPS_design.edif]
INFO: [Netlist 29-17] Analyzing 1 Unisim elements for replacement
INFO: [Netlist 29-28] Unisim Transformation completed in 0 CPU seconds
WARNING: [Netlist 29-43] Netlist 'MIPS_design' is not ideal for floorplanning, since the cellview 'MIPS_design' defined in file 'MIPS_design.ngc' contains large number of primitives.  Please consider enabling hierarchy in synthesis if you want to do floorplanning.
Loading clock regions from C:/Xilinx/14.7/ISE_DS/PlanAhead/data\parts/xilinx/spartan6/spartan6lx/xc6slx9/ClockRegion.xml
Loading clock buffers from C:/Xilinx/14.7/ISE_DS/PlanAhead/data\parts/xilinx/spartan6/spartan6lx/xc6slx9/ClockBuffers.xml
Loading package pin functions from C:/Xilinx/14.7/ISE_DS/PlanAhead/data\parts/xilinx/spartan6/PinFunctions.xml...
Loading package from C:/Xilinx/14.7/ISE_DS/PlanAhead/data\parts/xilinx/spartan6/spartan6lx/xc6slx9/tqg144/Package.xml
Loading io standards from C:/Xilinx/14.7/ISE_DS/PlanAhead/data\./parts/xilinx/spartan6/IOStandards.xml
Loading device configuration modes from C:/Xilinx/14.7/ISE_DS/PlanAhead/data\parts/xilinx/spartan6/ConfigModes.xml
Loading list of drcs for the architecture : C:/Xilinx/14.7/ISE_DS/PlanAhead/data\./parts/xilinx/spartan6/drc.xml
Parsing UCF File [E:/MIPS_final_project_edited/MIPS_final_project/MIPS_processor/MIPS_design.ucf]
CRITICAL WARNING: [Constraints 18-5] Cannot loc instance 'clock_BUFGP/BUFG' at site P15, Illegal to place instance clock_BUFGP/BUFG on site P15 [E:/MIPS_final_project_edited/MIPS_final_project/MIPS_processor/MIPS_design.ucf:40]
Finished Parsing UCF File [E:/MIPS_final_project_edited/MIPS_final_project/MIPS_processor/MIPS_design.ucf]
INFO: [Designutils 20-20] Invalid constraints found, use command 'write_ucf -constraints invalid <file>' to save all the invalid constraints to a file
INFO: [Project 1-111] Unisim Transformation Summary:
  A total of 1 instances were transformed.
  BUFGP => BUFGP (IBUF, BUFG): 1 instances

Phase 0 | Netlist Checksum: 423329f1
link_design: Time (s): elapsed = 00:00:23 . Memory (MB): peak = 561.066 ; gain = 138.602
exit
ERROR: [PlanAhead 12-106] *** Exception: ui.h.b: Found deleted key in HTclEventBroker. Verify if the classes listed here call cleanup()
HTclEvent: SIGNAL_BUS_MODIFY   Classes: ui.views.aR 
HTclEvent: DEBUG_PORT_CONFIG_CHANGE   Classes: ui.views.aR 
HTclEvent: SIGNAL_MODIFY   Classes: ui.views.aR 
HTclEvent: DEBUG_CORE_CONFIG_CHANGE   Classes: ui.views.aR 
 (See E:/MIPS_final_project_edited/MIPS_final_project/MIPS_processor\planAhead_pid15856.debug)
ERROR: [Common 17-39] 'stop_gui' failed due to earlier errors.
INFO: [Common 17-206] Exiting PlanAhead at Tue Apr 28 00:44:00 2020...
INFO: [Common 17-83] Releasing license: PlanAhead
