Release 14.7 - ngc2edif P.20131013 (nt)
Copyright (c) 1995-2013 Xilinx, Inc.  All rights reserved.
Reading design MIPS_design.ngc ...
WARNING:NetListWriters:298 - No output is written to MIPS_design.xncf, ignored.
Processing design ...
   Preping design's networks ...
   Preping design's macros ...
WARNING:NetListWriters:306 - Signal bus ALU_RESULT<15 : 0> on block MIPS_design
   is not reconstructed, because there are some missing bus signals.
  finished :Prep
Writing EDIF netlist file MIPS_design.edif ...
ngc2edif: Total memory usage is 80880 kilobytes

Release 14.7 - ngc2edif P.20131013 (nt)
Copyright (c) 1995-2013 Xilinx, Inc.  All rights reserved.
Reading design MIPS_design.ngc ...
WARNING:NetListWriters:298 - No output is written to MIPS_design.xncf, ignored.
Processing design ...
   Preping design's networks ...
   Preping design's macros ...
WARNING:NetListWriters:306 - Signal bus ALU_RESULT<15 : 0> on block MIPS_design
   is not reconstructed, because there are some missing bus signals.
  finished :Prep
Writing EDIF netlist file MIPS_design.edif ...
ngc2edif: Total memory usage is 80820 kilobytes

Release 14.7 - ngc2edif P.20131013 (nt)
Copyright (c) 1995-2013 Xilinx, Inc.  All rights reserved.
Reading design MIPS_design.ngc ...
WARNING:NetListWriters:298 - No output is written to MIPS_design.xncf, ignored.
Processing design ...
   Preping design's networks ...
   Preping design's macros ...
WARNING:NetListWriters:306 - Signal bus ALU_RESULT<15 : 0> on block MIPS_design
   is not reconstructed, because there are some missing bus signals.
  finished :Prep
Writing EDIF netlist file MIPS_design.edif ...
ngc2edif: Total memory usage is 79860 kilobytes

Release 14.7 - ngc2edif P.20131013 (nt)
Copyright (c) 1995-2013 Xilinx, Inc.  All rights reserved.
Reading design MIPS_design.ngc ...
WARNING:NetListWriters:298 - No output is written to MIPS_design.xncf, ignored.
Processing design ...
   Preping design's networks ...
   Preping design's macros ...
WARNING:NetListWriters:306 - Signal bus ALU_RESULT<15 : 0> on block MIPS_design
   is not reconstructed, because there are some missing bus signals.
  finished :Prep
Writing EDIF netlist file MIPS_design.edif ...
ngc2edif: Total memory usage is 80564 kilobytes

Release 14.7 - ngc2edif P.20131013 (nt)
Copyright (c) 1995-2013 Xilinx, Inc.  All rights reserved.
Reading design MIPS_design.ngc ...
WARNING:NetListWriters:298 - No output is written to MIPS_design.xncf, ignored.
Processing design ...
   Preping design's networks ...
   Preping design's macros ...
WARNING:NetListWriters:306 - Signal bus ALU_RESULT<15 : 0> on block MIPS_design
   is not reconstructed, because there are some missing bus signals.
  finished :Prep
Writing EDIF netlist file MIPS_design.edif ...
ngc2edif: Total memory usage is 80116 kilobytes

Release 14.7 - ngc2edif P.20131013 (nt)
Copyright (c) 1995-2013 Xilinx, Inc.  All rights reserved.
Reading design MIPS_design.ngc ...
WARNING:NetListWriters:298 - No output is written to MIPS_design.xncf, ignored.
Processing design ...
   Preping design's networks ...
   Preping design's macros ...
WARNING:NetListWriters:306 - Signal bus ALU_RESULT<15 : 0> on block MIPS_design
   is not reconstructed, because there are some missing bus signals.
  finished :Prep
Writing EDIF netlist file MIPS_design.edif ...
ngc2edif: Total memory usage is 80116 kilobytes

Release 14.7 - ngc2edif P.20131013 (nt)
Copyright (c) 1995-2013 Xilinx, Inc.  All rights reserved.
Reading design MIPS_design.ngc ...
WARNING:NetListWriters:298 - No output is written to MIPS_design.xncf, ignored.
Processing design ...
   Preping design's networks ...
   Preping design's macros ...
WARNING:NetListWriters:306 - Signal bus ALU_RESULT<15 : 0> on block MIPS_design
   is not reconstructed, because there are some missing bus signals.
  finished :Prep
Writing EDIF netlist file MIPS_design.edif ...
ngc2edif: Total memory usage is 80756 kilobytes

Release 14.7 - ngc2edif P.20131013 (nt)
Copyright (c) 1995-2013 Xilinx, Inc.  All rights reserved.
Reading design MIPS_design.ngc ...
WARNING:NetListWriters:298 - No output is written to MIPS_design.xncf, ignored.
Processing design ...
   Preping design's networks ...
   Preping design's macros ...
WARNING:NetListWriters:306 - Signal bus ALU_RESULT<15 : 0> on block MIPS_design
   is not reconstructed, because there are some missing bus signals.
  finished :Prep
Writing EDIF netlist file MIPS_design.edif ...
ngc2edif: Total memory usage is 80028 kilobytes

