Removed Pin From Net: NetName=IOA27 Pin=P1-2
Removed Pin From Net: NetName=V33A Pin=P1-3
Removed Pin From Net: NetName=IOA26 Pin=P1-4
Removed Pin From Net: NetName=NetP1_5 Pin=P1-5
Removed Pin From Net: NetName=IOA25 Pin=P1-6
Removed Pin From Net: NetName=NetP1_5 Pin=P1-7
Removed Pin From Net: NetName=IOA24 Pin=P1-8
Removed Pin From Net: NetName=GND Pin=P1-9
Removed Pin From Net: NetName=GND Pin=P1-10
Removed Pin From Net: NetName=GND Pin=P1-11
Removed Pin From Net: NetName=GND Pin=P1-12
Removed Pin From Net: NetName=IOA0 Pin=P1-13
Removed Pin From Net: NetName=IOA23 Pin=P1-14
Removed Pin From Net: NetName=IOA1 Pin=P1-15
Removed Pin From Net: NetName=IOA22 Pin=P1-16
Removed Pin From Net: NetName=IOA2 Pin=P1-17
Removed Pin From Net: NetName=IOA21 Pin=P1-18
Removed Pin From Net: NetName=IOA3 Pin=P1-19
Removed Pin From Net: NetName=IOA20 Pin=P1-20
Removed Pin From Net: NetName=IOA4 Pin=P1-21
Removed Pin From Net: NetName=IOA19 Pin=P1-22
Removed Pin From Net: NetName=IOA5 Pin=P1-23
Removed Pin From Net: NetName=IOA18 Pin=P1-24
Removed Pin From Net: NetName=IOA6 Pin=P1-25
Removed Pin From Net: NetName=IOA17 Pin=P1-26
Removed Pin From Net: NetName=IOA7 Pin=P1-27
Removed Pin From Net: NetName=IOA16 Pin=P1-28
Removed Pin From Net: NetName=GND Pin=P1-29
Removed Pin From Net: NetName=GND Pin=P1-30
Removed Pin From Net: NetName=GND Pin=P1-31
Removed Pin From Net: NetName=GND Pin=P1-32
Removed Pin From Net: NetName=IOA8 Pin=P1-33
Removed Pin From Net: NetName=IOA15 Pin=P1-34
Removed Pin From Net: NetName=IOA9 Pin=P1-35
Removed Pin From Net: NetName=IOA14 Pin=P1-36
Removed Pin From Net: NetName=IOA10 Pin=P1-37
Removed Pin From Net: NetName=IOA13 Pin=P1-38
Removed Pin From Net: NetName=IOA11 Pin=P1-39
Removed Pin From Net: NetName=IOA12 Pin=P1-40
Removed Pin From Net: NetName=VIO(B) Pin=P2-1
Removed Pin From Net: NetName=IOB27 Pin=P2-2
Removed Pin From Net: NetName=VIO(B) Pin=P2-3
Removed Pin From Net: NetName=IOB26 Pin=P2-4
Removed Pin From Net: NetName=NetP2_5 Pin=P2-5
Removed Pin From Net: NetName=IOB25 Pin=P2-6
Removed Pin From Net: NetName=NetP2_5 Pin=P2-7
Removed Pin From Net: NetName=IOB24 Pin=P2-8
Removed Pin From Net: NetName=GND Pin=P2-9
Removed Pin From Net: NetName=GND Pin=P2-10
Removed Pin From Net: NetName=GND Pin=P2-11
Removed Pin From Net: NetName=GND Pin=P2-12
Removed Pin From Net: NetName=IOB0 Pin=P2-13
Removed Pin From Net: NetName=IOB23 Pin=P2-14
Removed Pin From Net: NetName=IOB1 Pin=P2-15
Removed Pin From Net: NetName=IOB22 Pin=P2-16
Removed Pin From Net: NetName=IOB2 Pin=P2-17
Removed Pin From Net: NetName=IOB21 Pin=P2-18
Removed Pin From Net: NetName=IOB3 Pin=P2-19
Removed Pin From Net: NetName=IOB20 Pin=P2-20
Removed Pin From Net: NetName=IOB4 Pin=P2-21
Removed Pin From Net: NetName=IOB19 Pin=P2-22
Removed Pin From Net: NetName=IOB5 Pin=P2-23
Removed Pin From Net: NetName=IOB18 Pin=P2-24
Removed Pin From Net: NetName=IOB6 Pin=P2-25
Removed Pin From Net: NetName=IOB17 Pin=P2-26
Removed Pin From Net: NetName=IOB7 Pin=P2-27
Removed Pin From Net: NetName=IOB16 Pin=P2-28
Removed Pin From Net: NetName=GND Pin=P2-29
Removed Pin From Net: NetName=GND Pin=P2-30
Removed Pin From Net: NetName=GND Pin=P2-31
Removed Pin From Net: NetName=GND Pin=P2-32
Removed Pin From Net: NetName=IOB8 Pin=P2-33
Removed Pin From Net: NetName=IOB15 Pin=P2-34
Removed Pin From Net: NetName=IOB9 Pin=P2-35
Removed Pin From Net: NetName=IOB14 Pin=P2-36
Removed Pin From Net: NetName=IOB10 Pin=P2-37
Removed Pin From Net: NetName=IOB13 Pin=P2-38
Removed Pin From Net: NetName=IOB11 Pin=P2-39
Removed Pin From Net: NetName=IOB12 Pin=P2-40
Change Component Footprint: Designator=P1 Old Footprint=HDR2X20 New Footprint=HDR1X20
Change Component Footprint: Designator=P2 Old Footprint=HDR2X20 New Footprint=HDR1X20
Change Component Comment : Designator=P1 Old Comment=Header 20X2 New Comment=Header 20
Change Component Comment : Designator=P2 Old Comment=Header 20X2 New Comment=Header 20
Added Component: Designator=P4(HDR1X20)
Add component. Clean all parameters for all variants
Add component (AddParameter): Name = "LatestRevisionDate"; Value = "17-Jul-2002"; VariantName = "[No Variations]"
Add component (AddParameter): Name = "LatestRevisionNote"; Value = "Re-released for DXP Platform."; VariantName = "[No Variations]"
Add component (AddParameter): Name = "Publisher"; Value = "Altium Limited"; VariantName = "[No Variations]"
Added Component: Designator=P5(HDR1X20)
Add component. Clean all parameters for all variants
Add component (AddParameter): Name = "LatestRevisionDate"; Value = "17-Jul-2002"; VariantName = "[No Variations]"
Add component (AddParameter): Name = "LatestRevisionNote"; Value = "Re-released for DXP Platform."; VariantName = "[No Variations]"
Add component (AddParameter): Name = "Publisher"; Value = "Altium Limited"; VariantName = "[No Variations]"
Added Pin To Net: NetName=V33A Pin=P1-2
Added Pin To Net: NetName=NetP2_5 Pin=P1-3
Added Pin To Net: NetName=NetP2_5 Pin=P1-4
Added Pin To Net: NetName=GND Pin=P1-5
Added Pin To Net: NetName=GND Pin=P1-6
Added Pin To Net: NetName=IOA0 Pin=P1-7
Added Pin To Net: NetName=IOA1 Pin=P1-8
Added Pin To Net: NetName=IOA2 Pin=P1-9
Added Pin To Net: NetName=IOA3 Pin=P1-10
Added Pin To Net: NetName=IOA4 Pin=P1-11
Added Pin To Net: NetName=IOA5 Pin=P1-12
Added Pin To Net: NetName=IOA6 Pin=P1-13
Added Pin To Net: NetName=IOA7 Pin=P1-14
Added Pin To Net: NetName=GND Pin=P1-15
Added Pin To Net: NetName=GND Pin=P1-16
Added Pin To Net: NetName=IOA8 Pin=P1-17
Added Pin To Net: NetName=IOA9 Pin=P1-18
Added Pin To Net: NetName=IOA10 Pin=P1-19
Added Pin To Net: NetName=IOA11 Pin=P1-20
Added Pin To Net: NetName=IOA12 Pin=P2-1
Added Pin To Net: NetName=IOA13 Pin=P2-2
Added Pin To Net: NetName=IOA14 Pin=P2-3
Added Pin To Net: NetName=IOA15 Pin=P2-4
Added Pin To Net: NetName=GND Pin=P2-5
Added Pin To Net: NetName=GND Pin=P2-6
Added Pin To Net: NetName=IOA16 Pin=P2-7
Added Pin To Net: NetName=IOA17 Pin=P2-8
Added Pin To Net: NetName=IOA18 Pin=P2-9
Added Pin To Net: NetName=IOA19 Pin=P2-10
Added Pin To Net: NetName=IOA20 Pin=P2-11
Added Pin To Net: NetName=IOA21 Pin=P2-12
Added Pin To Net: NetName=IOA22 Pin=P2-13
Added Pin To Net: NetName=IOA23 Pin=P2-14
Added Pin To Net: NetName=GND Pin=P2-15
Added Pin To Net: NetName=GND Pin=P2-16
Added Pin To Net: NetName=IOA24 Pin=P2-17
Added Pin To Net: NetName=IOA25 Pin=P2-18
Added Pin To Net: NetName=IOA26 Pin=P2-19
Added Pin To Net: NetName=IOA27 Pin=P2-20
Added Pin To Net: NetName=VIO(B) Pin=P4-1
Added Pin To Net: NetName=VIO(B) Pin=P4-2
Added Pin To Net: NetName=NetP1_5 Pin=P4-3
Added Pin To Net: NetName=NetP1_5 Pin=P4-4
Added Pin To Net: NetName=GND Pin=P4-5
Added Pin To Net: NetName=GND Pin=P4-6
Added Pin To Net: NetName=IOB0 Pin=P4-7
Added Pin To Net: NetName=IOB1 Pin=P4-8
Added Pin To Net: NetName=IOB2 Pin=P4-9
Added Pin To Net: NetName=IOB3 Pin=P4-10
Added Pin To Net: NetName=IOB4 Pin=P4-11
Added Pin To Net: NetName=IOB5 Pin=P4-12
Added Pin To Net: NetName=IOB6 Pin=P4-13
Added Pin To Net: NetName=IOB7 Pin=P4-14
Added Pin To Net: NetName=GND Pin=P4-15
Added Pin To Net: NetName=GND Pin=P4-16
Added Pin To Net: NetName=IOB8 Pin=P4-17
Added Pin To Net: NetName=IOB9 Pin=P4-18
Added Pin To Net: NetName=IOB10 Pin=P4-19
Added Pin To Net: NetName=IOB11 Pin=P4-20
Added Pin To Net: NetName=IOB12 Pin=P5-1
Added Pin To Net: NetName=IOB13 Pin=P5-2
Added Pin To Net: NetName=IOB14 Pin=P5-3
Added Pin To Net: NetName=IOB15 Pin=P5-4
Added Pin To Net: NetName=GND Pin=P5-5
Added Pin To Net: NetName=GND Pin=P5-6
Added Pin To Net: NetName=IOB16 Pin=P5-7
Added Pin To Net: NetName=IOB17 Pin=P5-8
Added Pin To Net: NetName=IOB18 Pin=P5-9
Added Pin To Net: NetName=IOB19 Pin=P5-10
Added Pin To Net: NetName=IOB20 Pin=P5-11
Added Pin To Net: NetName=IOB21 Pin=P5-12
Added Pin To Net: NetName=IOB22 Pin=P5-13
Added Pin To Net: NetName=IOB23 Pin=P5-14
Added Pin To Net: NetName=GND Pin=P5-15
Added Pin To Net: NetName=GND Pin=P5-16
Added Pin To Net: NetName=IOB24 Pin=P5-17
Added Pin To Net: NetName=IOB25 Pin=P5-18
Added Pin To Net: NetName=IOB26 Pin=P5-19
Added Pin To Net: NetName=IOB27 Pin=P5-20
Change Net Name : Old Net Name=NetP1_5 New Net Name=NetP4_3
Change Net Name : Old Net Name=NetP2_5 New Net Name=NetP1_3
Added Member To Class: ClassName=Sheet1 Member=Component P4 Header 20
Added Member To Class: ClassName=Sheet1 Member=Component P5 Header 20
Added Member To Class: ClassName=Sheet1 Member=Component  CHS-01TA
