Removed Pin From Net: NetName=V33A Pin=D1-1
Removed Pin From Net: NetName=GND Pin=D1-3
Removed Pin From Net: NetName=V33A Pin=P1-1
Removed Pin From Net: NetName=IOA12 Pin=P1-2
Removed Pin From Net: NetName=V33A Pin=P1-3
Removed Pin From Net: NetName=IOA13 Pin=P1-4
Removed Pin From Net: NetName=NetP1_5 Pin=P1-5
Removed Pin From Net: NetName=IOA14 Pin=P1-6
Removed Pin From Net: NetName=NetP1_5 Pin=P1-7
Removed Pin From Net: NetName=IOA15 Pin=P1-8
Removed Pin From Net: NetName=GND Pin=P1-9
Removed Pin From Net: NetName=GND Pin=P1-10
Removed Pin From Net: NetName=GND Pin=P1-11
Removed Pin From Net: NetName=GND Pin=P1-12
Removed Pin From Net: NetName=IOA0 Pin=P1-13
Removed Pin From Net: NetName=IOA16 Pin=P1-14
Removed Pin From Net: NetName=IOA1 Pin=P1-15
Removed Pin From Net: NetName=IOA17 Pin=P1-16
Removed Pin From Net: NetName=IOA2 Pin=P1-17
Removed Pin From Net: NetName=IOA18 Pin=P1-18
Removed Pin From Net: NetName=IOA3 Pin=P1-19
Removed Pin From Net: NetName=IOA19 Pin=P1-20
Removed Pin From Net: NetName=IOA4 Pin=P1-21
Removed Pin From Net: NetName=IOA20 Pin=P1-22
Removed Pin From Net: NetName=IOA5 Pin=P1-23
Removed Pin From Net: NetName=IOA21 Pin=P1-24
Removed Pin From Net: NetName=IOA6 Pin=P1-25
Removed Pin From Net: NetName=IOA22 Pin=P1-26
Removed Pin From Net: NetName=IOA7 Pin=P1-27
Removed Pin From Net: NetName=IOA23 Pin=P1-28
Removed Pin From Net: NetName=GND Pin=P1-29
Removed Pin From Net: NetName=GND Pin=P1-30
Removed Pin From Net: NetName=GND Pin=P1-31
Removed Pin From Net: NetName=GND Pin=P1-32
Removed Pin From Net: NetName=IOA8 Pin=P1-33
Removed Pin From Net: NetName=IOA24 Pin=P1-34
Removed Pin From Net: NetName=IOA9 Pin=P1-35
Removed Pin From Net: NetName=IOA25 Pin=P1-36
Removed Pin From Net: NetName=IOA10 Pin=P1-37
Removed Pin From Net: NetName=IOA26 Pin=P1-38
Removed Pin From Net: NetName=IOA11 Pin=P1-39
Removed Pin From Net: NetName=IOA27 Pin=P1-40
Added Component: Designator=D1(SOT23_N)
Add component. Clean all parameters for all variants
Add component (AddParameter): Name = "ComponentLink1Description"; Value = "Manufacturer Link"; VariantName = "[No Variations]"
Add component (AddParameter): Name = "ComponentLink1URL"; Value = "http://www.zetex.com/"; VariantName = "[No Variations]"
Add component (AddParameter): Name = "ComponentLink2Description"; Value = "Datasheet"; VariantName = "[No Variations]"
Add component (AddParameter): Name = "ComponentLink2URL"; Value = "www.zetex.com/3.0/pdf/BBY31.pdf"; VariantName = "[No Variations]"
Add component (AddParameter): Name = "DatasheetVersion"; Value = "Jan-1998"; VariantName = "[No Variations]"
Add component (AddParameter): Name = "LatestRevisionDate"; Value = "29-May-2009"; VariantName = "[No Variations]"
Add component (AddParameter): Name = "LatestRevisionNote"; Value = "IPC-7351 Footprint Added."; VariantName = "[No Variations]"
Add component (AddParameter): Name = "Note"; Value = "Pin 2 is not connected and not drawn."; VariantName = "[No Variations]"
Add component (AddParameter): Name = "PackageDescription"; Value = "3-Pin SOT-23 Package 0.95 mm Pitch, 2.3 mm Lead Span - Reverse Pinning"; VariantName = "[No Variations]"
Add component (AddParameter): Name = "PackageReference"; Value = "SOT23"; VariantName = "[No Variations]"
Add component (AddParameter): Name = "PackageVersion"; Value = "1996"; VariantName = "[No Variations]"
Add component (AddParameter): Name = "Published"; Value = "8-Jun-2000"; VariantName = "[No Variations]"
Add component (AddParameter): Name = "Publisher"; Value = "Altium Limited"; VariantName = "[No Variations]"
Added Component: Designator=P1(HDR2X20)
Add component. Clean all parameters for all variants
Add component (AddParameter): Name = "LatestRevisionDate"; Value = "17-Jul-2002"; VariantName = "[No Variations]"
Add component (AddParameter): Name = "LatestRevisionNote"; Value = "Re-released for DXP Platform."; VariantName = "[No Variations]"
Add component (AddParameter): Name = "Publisher"; Value = "Altium Limited"; VariantName = "[No Variations]"
Added Pin To Net: NetName=V33A Pin=D1-1
Added Pin To Net: NetName=GND Pin=D1-3
Added Pin To Net: NetName=V33A Pin=P1-1
Added Pin To Net: NetName=IOA27 Pin=P1-2
Added Pin To Net: NetName=V33A Pin=P1-3
Added Pin To Net: NetName=IOA26 Pin=P1-4
Added Pin To Net: NetName=NetP1_5 Pin=P1-5
Added Pin To Net: NetName=IOA25 Pin=P1-6
Added Pin To Net: NetName=NetP1_5 Pin=P1-7
Added Pin To Net: NetName=IOA24 Pin=P1-8
Added Pin To Net: NetName=GND Pin=P1-9
Added Pin To Net: NetName=GND Pin=P1-10
Added Pin To Net: NetName=GND Pin=P1-11
Added Pin To Net: NetName=GND Pin=P1-12
Added Pin To Net: NetName=IOA0 Pin=P1-13
Added Pin To Net: NetName=IOA23 Pin=P1-14
Added Pin To Net: NetName=IOA1 Pin=P1-15
Added Pin To Net: NetName=IOA22 Pin=P1-16
Added Pin To Net: NetName=IOA2 Pin=P1-17
Added Pin To Net: NetName=IOA21 Pin=P1-18
Added Pin To Net: NetName=IOA3 Pin=P1-19
Added Pin To Net: NetName=IOA20 Pin=P1-20
Added Pin To Net: NetName=IOA4 Pin=P1-21
Added Pin To Net: NetName=IOA19 Pin=P1-22
Added Pin To Net: NetName=IOA5 Pin=P1-23
Added Pin To Net: NetName=IOA18 Pin=P1-24
Added Pin To Net: NetName=IOA6 Pin=P1-25
Added Pin To Net: NetName=IOA17 Pin=P1-26
Added Pin To Net: NetName=IOA7 Pin=P1-27
Added Pin To Net: NetName=IOA16 Pin=P1-28
Added Pin To Net: NetName=GND Pin=P1-29
Added Pin To Net: NetName=GND Pin=P1-30
Added Pin To Net: NetName=GND Pin=P1-31
Added Pin To Net: NetName=GND Pin=P1-32
Added Pin To Net: NetName=IOA8 Pin=P1-33
Added Pin To Net: NetName=IOA15 Pin=P1-34
Added Pin To Net: NetName=IOA9 Pin=P1-35
Added Pin To Net: NetName=IOA14 Pin=P1-36
Added Pin To Net: NetName=IOA10 Pin=P1-37
Added Pin To Net: NetName=IOA13 Pin=P1-38
Added Pin To Net: NetName=IOA11 Pin=P1-39
Added Pin To Net: NetName=IOA12 Pin=P1-40
