Added Pin To Net: NetName=V33A Pin=C1-2
Added Pin To Net: NetName=V33A Pin=C2-2
Added Pin To Net: NetName=V33A Pin=C3-2
Added Pin To Net: NetName=V33A Pin=C4-2
Added Pin To Net: NetName=V33A Pin=C5-2
Added Pin To Net: NetName=V33A Pin=C6-2
Added Pin To Net: NetName=V33A Pin=C7-2
Added Pin To Net: NetName=V33A Pin=C8-2
Added Pin To Net: NetName=V33A Pin=C9-2
Added Pin To Net: NetName=V33A Pin=C10-2
Added Pin To Net: NetName=V33A Pin=C11-2
Added Pin To Net: NetName=V33A Pin=C12-2
Added Pin To Net: NetName=V33A Pin=C13-2
Added Pin To Net: NetName=V33A Pin=C14-2
Added Pin To Net: NetName=VIO(B) Pin=C15-2
Added Pin To Net: NetName=VIO(B) Pin=C16-2
Added Pin To Net: NetName=GND Pin=C17-1
Added Pin To Net: NetName=GND Pin=C18-1
Added Pin To Net: NetName=VIO(B) Pin=C19-2
Added Pin To Net: NetName=VIO(B) Pin=C20-2
Added Pin To Net: NetName=VIO(B) Pin=C21-2
Added Pin To Net: NetName=VIO(B) Pin=C22-2
Added Pin To Net: NetName=V12 Pin=C23-2
Added Pin To Net: NetName=V12 Pin=C24-2
Added Pin To Net: NetName=V12 Pin=C25-2
Added Pin To Net: NetName=V12 Pin=C26-2
Added Pin To Net: NetName=V33A Pin=D1-1
Added Pin To Net: NetName=GND Pin=D1-3
Added Pin To Net: NetName=VIO(B) Pin=D2-1
Added Pin To Net: NetName=GND Pin=D2-3
Added Pin To Net: NetName=GND Pin=IC1-3
Added Pin To Net: NetName=V33A Pin=IC1-4
Added Pin To Net: NetName=GND Pin=IC1-13
Added Pin To Net: NetName=V33A Pin=IC1-18
Added Pin To Net: NetName=V12 Pin=IC1-19
Added Pin To Net: NetName=V33A Pin=IC1-20
Added Pin To Net: NetName=GND Pin=IC1-25
Added Pin To Net: NetName=V12 Pin=IC1-28
Added Pin To Net: NetName=ASW2 Pin=IC1-29
Added Pin To Net: NetName=V33A Pin=IC1-31
Added Pin To Net: NetName=V33A Pin=IC1-36
Added Pin To Net: NetName=X PROG Pin=IC1-37
Added Pin To Net: NetName=V33A Pin=IC1-42
Added Pin To Net: NetName=GND Pin=IC1-49
Added Pin To Net: NetName=V12 Pin=IC1-52
Added Pin To Net: NetName=V33A Pin=IC1-53
Added Pin To Net: NetName=GND Pin=IC1-54
Added Pin To Net: NetName=X M1 Pin=IC1-60
Added Pin To Net: NetName=V33A Pin=IC1-63
Added Pin To Net: NetName=GND Pin=IC1-68
Added Pin To Net: NetName=V33A Pin=IC1-69
Added Pin To Net: NetName=X DONE Pin=IC1-71
Added Pin To Net: NetName=GND Pin=IC1-73
Added Pin To Net: NetName=VIO(B) Pin=IC1-76
Added Pin To Net: NetName=GND Pin=IC1-77
Added Pin To Net: NetName=VIO(B) Pin=IC1-86
Added Pin To Net: NetName=V12 Pin=IC1-89
Added Pin To Net: NetName=V33A Pin=IC1-90
Added Pin To Net: NetName=GND Pin=IC1-91
Added Pin To Net: NetName=GND Pin=IC1-96
Added Pin To Net: NetName=VIO(B) Pin=IC1-103
Added Pin To Net: NetName=X TDO Pin=IC1-106
Added Pin To Net: NetName=X TMS Pin=IC1-107
Added Pin To Net: NetName=GND Pin=IC1-108
Added Pin To Net: NetName=X TCK Pin=IC1-109
Added Pin To Net: NetName=X TDI Pin=IC1-110
Added Pin To Net: NetName=GND Pin=IC1-113
Added Pin To Net: NetName=VIO(B) Pin=IC1-122
Added Pin To Net: NetName=VIO(B) Pin=IC1-125
Added Pin To Net: NetName=V12 Pin=IC1-128
Added Pin To Net: NetName=V33A Pin=IC1-129
Added Pin To Net: NetName=GND Pin=IC1-130
Added Pin To Net: NetName=VIO(B) Pin=IC1-135
Added Pin To Net: NetName=GND Pin=IC1-136
Added Pin To Net: NetName=X_HSWAPEN Pin=IC1-144
Added Pin To Net: NetName=V33A Pin=IC2-3
Added Pin To Net: NetName=GND Pin=IC2-4
Added Pin To Net: NetName=GND Pin=IC3-2
Added Pin To Net: NetName=V33A Pin=IC3-5
Added Pin To Net: NetName=GND Pin=IC4-2
Added Pin To Net: NetName=V33A Pin=IC4-5
Added Pin To Net: NetName=GND Pin=IC5-1
Added Pin To Net: NetName=V33A Pin=L1-2
Added Pin To Net: NetName=GND Pin=L3-2
Added Pin To Net: NetName=GND Pin=P1-9
Added Pin To Net: NetName=GND Pin=P1-10
Added Pin To Net: NetName=GND Pin=P1-11
Added Pin To Net: NetName=GND Pin=P1-12
Added Pin To Net: NetName=GND Pin=P1-29
Added Pin To Net: NetName=GND Pin=P1-30
Added Pin To Net: NetName=GND Pin=P1-31
Added Pin To Net: NetName=GND Pin=P1-32
Added Pin To Net: NetName=GND Pin=P2-9
Added Pin To Net: NetName=GND Pin=P2-10
Added Pin To Net: NetName=GND Pin=P2-11
Added Pin To Net: NetName=GND Pin=P2-12
Added Pin To Net: NetName=GND Pin=P2-29
Added Pin To Net: NetName=GND Pin=P2-30
Added Pin To Net: NetName=GND Pin=P2-31
Added Pin To Net: NetName=GND Pin=P2-32
Added Pin To Net: NetName=V33A Pin=P3-2
Added Pin To Net: NetName=GND Pin=P4-2
Added Pin To Net: NetName=V33A Pin=R1-1
Added Pin To Net: NetName=GND Pin=R9-2
Added Pin To Net: NetName=V33A Pin=R11-2
Added Pin To Net: NetName=V33A Pin=R23-1
Added Pin To Net: NetName=V33A Pin=R24-1
Added Pin To Net: NetName=V33A Pin=R25-1
Added Pin To Net: NetName=TDO Pin=R26-1
Added Pin To Net: NetName=VIO(B) Pin=R28-1
Added Pin To Net: NetName=GND Pin=R29-1
Added Pin To Net: NetName=V33A Pin=R30-1
Added Pin To Net: NetName=V33A Pin=R33-2
Added Pin To Net: NetName=GND Pin=R34-1
Added Pin To Net: NetName=GND Pin=U-1
Added Pin To Net: NetName=V33A Pin=U-3
Added Pin To Net: NetName=GND Pin=Y1-2
Added Pin To Net: NetName=D_RXD Pin=IC1-34
Added Pin To Net: NetName=D_RXD Pin=R32-1
Added Net: Name=D_RXD
Added Pin To Net: NetName=D_TXD Pin=IC1-33
Added Pin To Net: NetName=D_TXD Pin=R31-1
Added Net: Name=D_TXD
Added Pin To Net: NetName=GCLK_50A Pin=IC1-14
Added Pin To Net: NetName=GCLK_50A Pin=R7-1
Added Net: Name=GCLK_50A
Added Pin To Net: NetName=GCLK_50B Pin=IC1-23
Added Pin To Net: NetName=GCLK_50B Pin=R8-1
Added Net: Name=GCLK_50B
Added Pin To Net: NetName=IOA0 Pin=IC1-40
Added Pin To Net: NetName=IOA0 Pin=P1-13
Added Net: Name=IOA0
Added Pin To Net: NetName=IOA1 Pin=IC1-41
Added Pin To Net: NetName=IOA1 Pin=P1-15
Added Net: Name=IOA1
Added Pin To Net: NetName=IOA2 Pin=IC1-43
Added Pin To Net: NetName=IOA2 Pin=P1-17
Added Net: Name=IOA2
Added Pin To Net: NetName=IOA3 Pin=IC1-44
Added Pin To Net: NetName=IOA3 Pin=P1-19
Added Net: Name=IOA3
Added Pin To Net: NetName=IOA4 Pin=IC1-45
Added Pin To Net: NetName=IOA4 Pin=P1-21
Added Net: Name=IOA4
Added Pin To Net: NetName=IOA5 Pin=IC1-46
Added Pin To Net: NetName=IOA5 Pin=P1-23
Added Net: Name=IOA5
Added Pin To Net: NetName=IOA6 Pin=IC1-47
Added Pin To Net: NetName=IOA6 Pin=P1-25
Added Net: Name=IOA6
Added Pin To Net: NetName=IOA7 Pin=IC1-48
Added Pin To Net: NetName=IOA7 Pin=P1-27
Added Net: Name=IOA7
Added Pin To Net: NetName=IOA8 Pin=IC1-50
Added Pin To Net: NetName=IOA8 Pin=P1-33
Added Net: Name=IOA8
Added Pin To Net: NetName=IOA9 Pin=IC1-51
Added Pin To Net: NetName=IOA9 Pin=P1-35
Added Net: Name=IOA9
Added Pin To Net: NetName=IOA10 Pin=IC1-55
Added Pin To Net: NetName=IOA10 Pin=P1-37
Added Net: Name=IOA10
Added Pin To Net: NetName=IOA11 Pin=IC1-56
Added Pin To Net: NetName=IOA11 Pin=P1-39
Added Net: Name=IOA11
Added Pin To Net: NetName=IOA12 Pin=IC1-57
Added Pin To Net: NetName=IOA12 Pin=P1-2
Added Net: Name=IOA12
Added Pin To Net: NetName=IOA13 Pin=IC1-58
Added Pin To Net: NetName=IOA13 Pin=P1-4
Added Net: Name=IOA13
Added Pin To Net: NetName=IOA14 Pin=IC1-61
Added Pin To Net: NetName=IOA14 Pin=P1-6
Added Net: Name=IOA14
Added Pin To Net: NetName=IOA15 Pin=IC1-62
Added Pin To Net: NetName=IOA15 Pin=P1-8
Added Net: Name=IOA15
Added Pin To Net: NetName=IOA16 Pin=IC1-66
Added Pin To Net: NetName=IOA16 Pin=P1-14
Added Net: Name=IOA16
Added Pin To Net: NetName=IOA17 Pin=IC1-67
Added Pin To Net: NetName=IOA17 Pin=P1-16
Added Net: Name=IOA17
Added Pin To Net: NetName=IOA18 Pin=IC1-12
Added Pin To Net: NetName=IOA18 Pin=P1-18
Added Net: Name=IOA18
Added Pin To Net: NetName=IOA19 Pin=IC1-11
Added Pin To Net: NetName=IOA19 Pin=P1-20
Added Net: Name=IOA19
Added Pin To Net: NetName=IOA20 Pin=IC1-10
Added Pin To Net: NetName=IOA20 Pin=P1-22
Added Net: Name=IOA20
Added Pin To Net: NetName=IOA21 Pin=IC1-9
Added Pin To Net: NetName=IOA21 Pin=P1-24
Added Net: Name=IOA21
Added Pin To Net: NetName=IOA22 Pin=IC1-8
Added Pin To Net: NetName=IOA22 Pin=P1-26
Added Net: Name=IOA22
Added Pin To Net: NetName=IOA23 Pin=IC1-7
Added Pin To Net: NetName=IOA23 Pin=P1-28
Added Net: Name=IOA23
Added Pin To Net: NetName=IOA24 Pin=IC1-6
Added Pin To Net: NetName=IOA24 Pin=P1-34
Added Net: Name=IOA24
Added Pin To Net: NetName=IOA25 Pin=IC1-5
Added Pin To Net: NetName=IOA25 Pin=P1-36
Added Net: Name=IOA25
Added Pin To Net: NetName=IOA26 Pin=IC1-2
Added Pin To Net: NetName=IOA26 Pin=P1-38
Added Net: Name=IOA26
Added Pin To Net: NetName=IOA27 Pin=IC1-1
Added Pin To Net: NetName=IOA27 Pin=P1-40
Added Net: Name=IOA27
Added Pin To Net: NetName=IOB0 Pin=IC1-140
Added Pin To Net: NetName=IOB0 Pin=P2-13
Added Net: Name=IOB0
Added Pin To Net: NetName=IOB1 Pin=IC1-139
Added Pin To Net: NetName=IOB1 Pin=P2-15
Added Net: Name=IOB1
Added Pin To Net: NetName=IOB2 Pin=IC1-138
Added Pin To Net: NetName=IOB2 Pin=P2-17
Added Net: Name=IOB2
Added Pin To Net: NetName=IOB3 Pin=IC1-137
Added Pin To Net: NetName=IOB3 Pin=P2-19
Added Net: Name=IOB3
Added Pin To Net: NetName=IOB4 Pin=IC1-134
Added Pin To Net: NetName=IOB4 Pin=P2-21
Added Net: Name=IOB4
Added Pin To Net: NetName=IOB5 Pin=IC1-133
Added Pin To Net: NetName=IOB5 Pin=P2-23
Added Net: Name=IOB5
Added Pin To Net: NetName=IOB6 Pin=IC1-132
Added Pin To Net: NetName=IOB6 Pin=P2-25
Added Net: Name=IOB6
Added Pin To Net: NetName=IOB7 Pin=IC1-131
Added Pin To Net: NetName=IOB7 Pin=P2-27
Added Net: Name=IOB7
Added Pin To Net: NetName=IOB8 Pin=IC1-127
Added Pin To Net: NetName=IOB8 Pin=P2-33
Added Net: Name=IOB8
Added Pin To Net: NetName=IOB9 Pin=IC1-126
Added Pin To Net: NetName=IOB9 Pin=P2-35
Added Net: Name=IOB9
Added Pin To Net: NetName=IOB10 Pin=IC1-124
Added Pin To Net: NetName=IOB10 Pin=P2-37
Added Net: Name=IOB10
Added Pin To Net: NetName=IOB11 Pin=IC1-123
Added Pin To Net: NetName=IOB11 Pin=P2-39
Added Net: Name=IOB11
Added Pin To Net: NetName=IOB12 Pin=IC1-95
Added Pin To Net: NetName=IOB12 Pin=P2-2
Added Net: Name=IOB12
Added Pin To Net: NetName=IOB13 Pin=IC1-94
Added Pin To Net: NetName=IOB13 Pin=P2-4
Added Net: Name=IOB13
Added Pin To Net: NetName=IOB14 Pin=IC1-119
Added Pin To Net: NetName=IOB14 Pin=P2-6
Added Net: Name=IOB14
Added Pin To Net: NetName=IOB15 Pin=IC1-118
Added Pin To Net: NetName=IOB15 Pin=P2-8
Added Net: Name=IOB15
Added Pin To Net: NetName=IOB16 Pin=IC1-117
Added Pin To Net: NetName=IOB16 Pin=P2-14
Added Net: Name=IOB16
Added Pin To Net: NetName=IOB17 Pin=IC1-116
Added Pin To Net: NetName=IOB17 Pin=P2-16
Added Net: Name=IOB17
Added Pin To Net: NetName=IOB18 Pin=IC1-115
Added Pin To Net: NetName=IOB18 Pin=P2-18
Added Net: Name=IOB18
Added Pin To Net: NetName=IOB19 Pin=IC1-114
Added Pin To Net: NetName=IOB19 Pin=P2-20
Added Net: Name=IOB19
Added Pin To Net: NetName=IOB20 Pin=IC1-112
Added Pin To Net: NetName=IOB20 Pin=P2-22
Added Net: Name=IOB20
Added Pin To Net: NetName=IOB21 Pin=IC1-111
Added Pin To Net: NetName=IOB21 Pin=P2-24
Added Net: Name=IOB21
Added Pin To Net: NetName=IOB22 Pin=IC1-102
Added Pin To Net: NetName=IOB22 Pin=P2-26
Added Net: Name=IOB22
Added Pin To Net: NetName=IOB23 Pin=IC1-101
Added Pin To Net: NetName=IOB23 Pin=P2-28
Added Net: Name=IOB23
Added Pin To Net: NetName=IOB24 Pin=IC1-100
Added Pin To Net: NetName=IOB24 Pin=P2-34
Added Net: Name=IOB24
Added Pin To Net: NetName=IOB25 Pin=IC1-99
Added Pin To Net: NetName=IOB25 Pin=P2-36
Added Net: Name=IOB25
Added Pin To Net: NetName=IOB26 Pin=IC1-98
Added Pin To Net: NetName=IOB26 Pin=P2-38
Added Net: Name=IOB26
Added Pin To Net: NetName=IOB27 Pin=IC1-97
Added Pin To Net: NetName=IOB27 Pin=P2-40
Added Net: Name=IOB27
Added Pin To Net: NetName=S_SELCTn Pin=IC1-38
Added Pin To Net: NetName=S_SELCTn Pin=IC2-1
Added Pin To Net: NetName=S_SELCTn Pin=R5-2
Added Net: Name=S_SELCTn
Added Pin To Net: NetName=S CLOCK Pin=IC1-70
Added Pin To Net: NetName=S CLOCK Pin=IC2-6
Added Pin To Net: NetName=S CLOCK Pin=R10-2
Added Net: Name=S CLOCK
Added Pin To Net: NetName=S DATA IN Pin=IC1-64
Added Pin To Net: NetName=S DATA IN Pin=IC2-5
Added Pin To Net: NetName=S DATA IN Pin=R22-2
Added Net: Name=S DATA IN
Added Pin To Net: NetName=S DATA OUT Pin=IC1-65
Added Pin To Net: NetName=S DATA OUT Pin=IC2-2
Added Pin To Net: NetName=S DATA OUT Pin=R6-2
Added Net: Name=S DATA OUT
Added Pin To Net: NetName=ULED2 Pin=IC1-32
Added Pin To Net: NetName=ULED2 Pin=L2-2
Added Net: Name=ULED2
Added Pin To Net: NetName=VREFB Pin=IC1-104
Added Pin To Net: NetName=VREFB Pin=IC1-120
Added Pin To Net: NetName=VREFB Pin=IC1-143
Added Net: Name=VREFB
Added Pin To Net: NetName=X_INIT Pin=IC1-39
Added Pin To Net: NetName=X_INIT Pin=R30-2
Added Net: Name=X_INIT
