Remove Pin=C1-2 From Net=V33A
Remove Pin=C2-2 From Net=V33A
Remove Pin=C3-2 From Net=V33A
Remove Pin=C4-2 From Net=V33A
Remove Pin=C5-2 From Net=V33A
Remove Pin=C6-2 From Net=V33A
Remove Pin=C7-2 From Net=V33A
Remove Pin=C8-2 From Net=V33A
Remove Pin=C9-2 From Net=V33A
Remove Pin=C10-2 From Net=V33A
Remove Pin=C11-2 From Net=V33A
Remove Pin=C12-2 From Net=V33A
Remove Pin=C13-2 From Net=V33A
Remove Pin=C14-2 From Net=V33A
Remove Pin=C15-2 From Net=VIO(B)
Remove Pin=C16-2 From Net=VIO(B)
Remove Pin=C17-1 From Net=GND
Remove Pin=C18-1 From Net=GND
Remove Pin=C19-2 From Net=VIO(B)
Remove Pin=C20-2 From Net=VIO(B)
Remove Pin=C21-2 From Net=VIO(B)
Remove Pin=C22-2 From Net=VIO(B)
Remove Pin=C23-2 From Net=V12
Remove Pin=C24-2 From Net=V12
Remove Pin=C25-2 From Net=V12
Remove Pin=C26-2 From Net=V12
Remove Pin=D1-1 From Net=V33A
Remove Pin=D1-3 From Net=GND
Remove Pin=D2-1 From Net=VIO(B)
Remove Pin=D2-3 From Net=GND
Remove Pin=IC1-1 From Net=IOA27
Remove Pin=IC1-2 From Net=IOA26
Remove Pin=IC1-3 From Net=GND
Remove Pin=IC1-4 From Net=V33A
Remove Pin=IC1-5 From Net=IOA25
Remove Pin=IC1-6 From Net=IOA24
Remove Pin=IC1-7 From Net=IOA23
Remove Pin=IC1-8 From Net=IOA22
Remove Pin=IC1-9 From Net=IOA21
Remove Pin=IC1-10 From Net=IOA20
Remove Pin=IC1-11 From Net=IOA19
Remove Pin=IC1-12 From Net=IOA18
Remove Pin=IC1-13 From Net=GND
Remove Pin=IC1-14 From Net=GCLK_50A
Remove Pin=IC1-18 From Net=V33A
Remove Pin=IC1-19 From Net=V12
Remove Pin=IC1-20 From Net=V33A
Remove Pin=IC1-23 From Net=GCLK_50B
Remove Pin=IC1-25 From Net=GND
Remove Pin=IC1-28 From Net=V12
Remove Pin=IC1-29 From Net=ASW2
Remove Pin=IC1-31 From Net=V33A
Remove Pin=IC1-32 From Net=ULED2
Remove Pin=IC1-33 From Net=D_TXD
Remove Pin=IC1-34 From Net=D_RXD
Remove Pin=IC1-36 From Net=V33A
Remove Pin=IC1-37 From Net=X PROG
Remove Pin=IC1-38 From Net=S_SELCTn
Remove Pin=IC1-39 From Net=X_INIT
Remove Pin=IC1-40 From Net=IOA0
Remove Pin=IC1-41 From Net=IOA1
Remove Pin=IC1-42 From Net=V33A
Remove Pin=IC1-43 From Net=IOA2
Remove Pin=IC1-44 From Net=IOA3
Remove Pin=IC1-45 From Net=IOA4
Remove Pin=IC1-46 From Net=IOA5
Remove Pin=IC1-47 From Net=IOA6
Remove Pin=IC1-48 From Net=IOA7
Remove Pin=IC1-49 From Net=GND
Remove Pin=IC1-50 From Net=IOA8
Remove Pin=IC1-51 From Net=IOA9
Remove Pin=IC1-52 From Net=V12
Remove Pin=IC1-53 From Net=V33A
Remove Pin=IC1-54 From Net=GND
Remove Pin=IC1-55 From Net=IOA10
Remove Pin=IC1-56 From Net=IOA11
Remove Pin=IC1-57 From Net=IOA12
Remove Pin=IC1-58 From Net=IOA13
Remove Pin=IC1-60 From Net=X M1
Remove Pin=IC1-61 From Net=IOA14
Remove Pin=IC1-62 From Net=IOA15
Remove Pin=IC1-63 From Net=V33A
Remove Pin=IC1-64 From Net=S DATA IN
Remove Pin=IC1-65 From Net=S DATA OUT
Remove Pin=IC1-66 From Net=IOA16
Remove Pin=IC1-67 From Net=IOA17
Remove Pin=IC1-68 From Net=GND
Remove Pin=IC1-69 From Net=V33A
Remove Pin=IC1-70 From Net=S CLOCK
Remove Pin=IC1-71 From Net=X DONE
Remove Pin=IC1-73 From Net=GND
Remove Pin=IC1-76 From Net=VIO(B)
Remove Pin=IC1-77 From Net=GND
Remove Pin=IC1-86 From Net=VIO(B)
Remove Pin=IC1-89 From Net=V12
Remove Pin=IC1-90 From Net=V33A
Remove Pin=IC1-91 From Net=GND
Remove Pin=IC1-94 From Net=IOB13
Remove Pin=IC1-95 From Net=IOB12
Remove Pin=IC1-96 From Net=GND
Remove Pin=IC1-97 From Net=IOB27
Remove Pin=IC1-98 From Net=IOB26
Remove Pin=IC1-99 From Net=IOB25
Remove Pin=IC1-100 From Net=IOB24
Remove Pin=IC1-101 From Net=IOB23
Remove Pin=IC1-102 From Net=IOB22
Remove Pin=IC1-103 From Net=VIO(B)
Remove Pin=IC1-104 From Net=VREFB
Remove Pin=IC1-106 From Net=X TDO
Remove Pin=IC1-107 From Net=X TMS
Remove Pin=IC1-108 From Net=GND
Remove Pin=IC1-109 From Net=X TCK
Remove Pin=IC1-110 From Net=X TDI
Remove Pin=IC1-111 From Net=IOB21
Remove Pin=IC1-112 From Net=IOB20
Remove Pin=IC1-113 From Net=GND
Remove Pin=IC1-114 From Net=IOB19
Remove Pin=IC1-115 From Net=IOB18
Remove Pin=IC1-116 From Net=IOB17
Remove Pin=IC1-117 From Net=IOB16
Remove Pin=IC1-118 From Net=IOB15
Remove Pin=IC1-119 From Net=IOB14
Remove Pin=IC1-120 From Net=VREFB
Remove Pin=IC1-122 From Net=VIO(B)
Remove Pin=IC1-123 From Net=IOB11
Remove Pin=IC1-124 From Net=IOB10
Remove Pin=IC1-125 From Net=VIO(B)
Remove Pin=IC1-126 From Net=IOB9
Remove Pin=IC1-127 From Net=IOB8
Remove Pin=IC1-128 From Net=V12
Remove Pin=IC1-129 From Net=V33A
Remove Pin=IC1-130 From Net=GND
Remove Pin=IC1-131 From Net=IOB7
Remove Pin=IC1-132 From Net=IOB6
Remove Pin=IC1-133 From Net=IOB5
Remove Pin=IC1-134 From Net=IOB4
Remove Pin=IC1-135 From Net=VIO(B)
Remove Pin=IC1-136 From Net=GND
Remove Pin=IC1-137 From Net=IOB3
Remove Pin=IC1-138 From Net=IOB2
Remove Pin=IC1-139 From Net=IOB1
Remove Pin=IC1-140 From Net=IOB0
Remove Pin=IC1-143 From Net=VREFB
Remove Pin=IC1-144 From Net=X_HSWAPEN
Remove Pin=IC2-1 From Net=S_SELCTn
Remove Pin=IC2-2 From Net=S DATA OUT
Remove Pin=IC2-3 From Net=V33A
Remove Pin=IC2-4 From Net=GND
Remove Pin=IC2-5 From Net=S DATA IN
Remove Pin=IC2-6 From Net=S CLOCK
Remove Pin=IC3-2 From Net=GND
Remove Pin=IC3-5 From Net=V33A
Remove Pin=IC4-2 From Net=GND
Remove Pin=IC4-5 From Net=V33A
Remove Pin=IC5-1 From Net=GND
Remove Pin=L1-2 From Net=V33A
Remove Pin=L2-2 From Net=ULED2
Remove Pin=L3-2 From Net=GND
Remove Pin=P1-2 From Net=IOA12
Remove Pin=P1-4 From Net=IOA13
Remove Pin=P1-6 From Net=IOA14
Remove Pin=P1-8 From Net=IOA15
Remove Pin=P1-9 From Net=GND
Remove Pin=P1-10 From Net=GND
Remove Pin=P1-11 From Net=GND
Remove Pin=P1-12 From Net=GND
Remove Pin=P1-13 From Net=IOA0
Remove Pin=P1-14 From Net=IOA16
Remove Pin=P1-15 From Net=IOA1
Remove Pin=P1-16 From Net=IOA17
Remove Pin=P1-17 From Net=IOA2
Remove Pin=P1-18 From Net=IOA18
Remove Pin=P1-19 From Net=IOA3
Remove Pin=P1-20 From Net=IOA19
Remove Pin=P1-21 From Net=IOA4
Remove Pin=P1-22 From Net=IOA20
Remove Pin=P1-23 From Net=IOA5
Remove Pin=P1-24 From Net=IOA21
Remove Pin=P1-25 From Net=IOA6
Remove Pin=P1-26 From Net=IOA22
Remove Pin=P1-27 From Net=IOA7
Remove Pin=P1-28 From Net=IOA23
Remove Pin=P1-29 From Net=GND
Remove Pin=P1-30 From Net=GND
Remove Pin=P1-31 From Net=GND
Remove Pin=P1-32 From Net=GND
Remove Pin=P1-33 From Net=IOA8
Remove Pin=P1-34 From Net=IOA24
Remove Pin=P1-35 From Net=IOA9
Remove Pin=P1-36 From Net=IOA25
Remove Pin=P1-37 From Net=IOA10
Remove Pin=P1-38 From Net=IOA26
Remove Pin=P1-39 From Net=IOA11
Remove Pin=P1-40 From Net=IOA27
Remove Pin=P2-2 From Net=IOB12
Remove Pin=P2-4 From Net=IOB13
Remove Pin=P2-6 From Net=IOB14
Remove Pin=P2-8 From Net=IOB15
Remove Pin=P2-9 From Net=GND
Remove Pin=P2-10 From Net=GND
Remove Pin=P2-11 From Net=GND
Remove Pin=P2-12 From Net=GND
Remove Pin=P2-13 From Net=IOB0
Remove Pin=P2-14 From Net=IOB16
Remove Pin=P2-15 From Net=IOB1
Remove Pin=P2-16 From Net=IOB17
Remove Pin=P2-17 From Net=IOB2
Remove Pin=P2-18 From Net=IOB18
Remove Pin=P2-19 From Net=IOB3
Remove Pin=P2-20 From Net=IOB19
Remove Pin=P2-21 From Net=IOB4
Remove Pin=P2-22 From Net=IOB20
Remove Pin=P2-23 From Net=IOB5
Remove Pin=P2-24 From Net=IOB21
Remove Pin=P2-25 From Net=IOB6
Remove Pin=P2-26 From Net=IOB22
Remove Pin=P2-27 From Net=IOB7
Remove Pin=P2-28 From Net=IOB23
Remove Pin=P2-29 From Net=GND
Remove Pin=P2-30 From Net=GND
Remove Pin=P2-31 From Net=GND
Remove Pin=P2-32 From Net=GND
Remove Pin=P2-33 From Net=IOB8
Remove Pin=P2-34 From Net=IOB24
Remove Pin=P2-35 From Net=IOB9
Remove Pin=P2-36 From Net=IOB25
Remove Pin=P2-37 From Net=IOB10
Remove Pin=P2-38 From Net=IOB26
Remove Pin=P2-39 From Net=IOB11
Remove Pin=P2-40 From Net=IOB27
Remove Pin=P3-2 From Net=V33A
Remove Pin=P4-2 From Net=GND
Remove Pin=R1-1 From Net=V33A
Remove Pin=R5-2 From Net=S_SELCTn
Remove Pin=R6-2 From Net=S DATA OUT
Remove Pin=R7-1 From Net=GCLK_50A
Remove Pin=R8-1 From Net=GCLK_50B
Remove Pin=R9-2 From Net=GND
Remove Pin=R10-2 From Net=S CLOCK
Remove Pin=R11-2 From Net=V33A
Remove Pin=R22-2 From Net=S DATA IN
Remove Pin=R23-1 From Net=V33A
Remove Pin=R24-1 From Net=V33A
Remove Pin=R25-1 From Net=V33A
Remove Pin=R26-1 From Net=TDO
Remove Pin=R28-1 From Net=VIO(B)
Remove Pin=R29-1 From Net=GND
Remove Pin=R30-1 From Net=V33A
Remove Pin=R30-2 From Net=X_INIT
Remove Pin=R31-1 From Net=D_TXD
Remove Pin=R32-1 From Net=D_RXD
Remove Pin=R33-2 From Net=V33A
Remove Pin=R34-1 From Net=GND
Remove Pin=U-1 From Net=GND
Remove Pin=U-3 From Net=V33A
Remove Pin=Y1-2 From Net=GND
