Remove Pin=C1-2 From Net=V33A
Remove Pin=C2-2 From Net=V33A
Remove Pin=C3-2 From Net=V33A
Remove Pin=C4-2 From Net=V33A
Remove Pin=C5-2 From Net=V33A
Remove Pin=C6-2 From Net=V33A
Remove Pin=C7-2 From Net=V33A
Remove Pin=C8-2 From Net=V33A
Remove Pin=C9-2 From Net=V33A
Remove Pin=C10-2 From Net=V33A
Remove Pin=C11-2 From Net=V33A
Remove Pin=C12-2 From Net=V33A
Remove Pin=C13-2 From Net=V33A
Remove Pin=C14-2 From Net=V33A
Remove Pin=C15-2 From Net=VIO(B)
Remove Pin=C16-2 From Net=VIO(B)
Remove Pin=C17-1 From Net=GND
Remove Pin=C18-1 From Net=GND
Remove Pin=C19-2 From Net=VIO(B)
Remove Pin=C20-2 From Net=VIO(B)
Remove Pin=C21-2 From Net=VIO(B)
Remove Pin=C22-2 From Net=VIO(B)
Remove Pin=C23-2 From Net=V12
Remove Pin=C24-2 From Net=V12
Remove Pin=C25-2 From Net=V12
Remove Pin=C26-2 From Net=V12
Remove Pin=D1-1 From Net=V33A
Remove Pin=D1-3 From Net=GND
Remove Pin=D2-1 From Net=VIO(B)
Remove Pin=D2-3 From Net=GND
Remove Pin=IC1-3 From Net=GND
Remove Pin=IC1-4 From Net=V33A
Remove Pin=IC1-13 From Net=GND
Remove Pin=IC1-18 From Net=V33A
Remove Pin=IC1-19 From Net=V12
Remove Pin=IC1-20 From Net=V33A
Remove Pin=IC1-25 From Net=GND
Remove Pin=IC1-28 From Net=V12
Remove Pin=IC1-29 From Net=ASW2
Remove Pin=IC1-31 From Net=V33A
Remove Pin=IC1-36 From Net=V33A
Remove Pin=IC1-37 From Net=X PROG
Remove Pin=IC1-42 From Net=V33A
Remove Pin=IC1-49 From Net=GND
Remove Pin=IC1-52 From Net=V12
Remove Pin=IC1-53 From Net=V33A
Remove Pin=IC1-54 From Net=GND
Remove Pin=IC1-60 From Net=X M1
Remove Pin=IC1-63 From Net=V33A
Remove Pin=IC1-68 From Net=GND
Remove Pin=IC1-69 From Net=V33A
Remove Pin=IC1-71 From Net=X DONE
Remove Pin=IC1-73 From Net=GND
Remove Pin=IC1-76 From Net=VIO(B)
Remove Pin=IC1-77 From Net=GND
Remove Pin=IC1-86 From Net=VIO(B)
Remove Pin=IC1-89 From Net=V12
Remove Pin=IC1-90 From Net=V33A
Remove Pin=IC1-91 From Net=GND
Remove Pin=IC1-96 From Net=GND
Remove Pin=IC1-103 From Net=VIO(B)
Remove Pin=IC1-106 From Net=X TDO
Remove Pin=IC1-107 From Net=X TMS
Remove Pin=IC1-108 From Net=GND
Remove Pin=IC1-109 From Net=X TCK
Remove Pin=IC1-110 From Net=X TDI
Remove Pin=IC1-113 From Net=GND
Remove Pin=IC1-122 From Net=VIO(B)
Remove Pin=IC1-125 From Net=VIO(B)
Remove Pin=IC1-128 From Net=V12
Remove Pin=IC1-129 From Net=V33A
Remove Pin=IC1-130 From Net=GND
Remove Pin=IC1-135 From Net=VIO(B)
Remove Pin=IC1-136 From Net=GND
Remove Pin=IC1-144 From Net=X_HSWAPEN
Remove Pin=IC2-3 From Net=V33A
Remove Pin=IC2-4 From Net=GND
Remove Pin=IC3-2 From Net=GND
Remove Pin=IC3-5 From Net=V33A
Remove Pin=IC4-2 From Net=GND
Remove Pin=IC4-5 From Net=V33A
Remove Pin=IC5-1 From Net=GND
Remove Pin=L1-2 From Net=V33A
Remove Pin=L3-2 From Net=GND
Remove Pin=P1-9 From Net=GND
Remove Pin=P1-10 From Net=GND
Remove Pin=P1-11 From Net=GND
Remove Pin=P1-12 From Net=GND
Remove Pin=P1-29 From Net=GND
Remove Pin=P1-30 From Net=GND
Remove Pin=P1-31 From Net=GND
Remove Pin=P1-32 From Net=GND
Remove Pin=P2-9 From Net=GND
Remove Pin=P2-10 From Net=GND
Remove Pin=P2-11 From Net=GND
Remove Pin=P2-12 From Net=GND
Remove Pin=P2-29 From Net=GND
Remove Pin=P2-30 From Net=GND
Remove Pin=P2-31 From Net=GND
Remove Pin=P2-32 From Net=GND
Remove Pin=P3-2 From Net=V33A
Remove Pin=P4-2 From Net=GND
Remove Pin=R1-1 From Net=V33A
Remove Pin=R9-2 From Net=GND
Remove Pin=R11-2 From Net=V33A
Remove Pin=R23-1 From Net=V33A
Remove Pin=R24-1 From Net=V33A
Remove Pin=R25-1 From Net=V33A
Remove Pin=R26-1 From Net=TDO
Remove Pin=R28-1 From Net=VIO(B)
Remove Pin=R29-1 From Net=GND
Remove Pin=R30-1 From Net=V33A
Remove Pin=R33-2 From Net=V33A
Remove Pin=R34-1 From Net=GND
Remove Pin=U-1 From Net=GND
Remove Pin=U-3 From Net=V33A
Remove Pin=Y1-2 From Net=GND
